2025-09-30 08:42:25.4760 | Topshelf.HostFactory | Info | Configuration Result:
[Success] Name RMS_FPU_DRIVER
[Success] DisplayName RMS FPU DRIVER
[Success] Description App for bridging NMEA FPU data to OPC UA SERVER
[Success] ServiceName RMS_FPU_DRIVER
2025-09-30 08:42:25.5040 | Topshelf.HostConfigurators.HostConfiguratorImpl | Info | Topshelf v4.3.0.0, .NET Framework 4.8.9310.0 (4.0.30319.42000)
2025-09-30 08:42:25.6908 | Topshelf.Hosts.ConsoleRunHost | Info | The RMS_FPU_DRIVER service is now running, press Control+C to exit.
2025-09-30 08:42:25.7114 | NMEA_FPU_DRIVER.Program.DriverRunner | Info | Service starting...
2025-09-30 08:42:26.0922 | OpcUaLib.Client | Info | Opc Client Initialized
2025-09-30 08:42:26.2408 | NMEA_FPU_DRIVER.Program.DriverRunner | Info | Service started!
2025-09-30 08:42:26.2408 | NMEA_FPU_DRIVER.Program.DriverRunner | Info | DEVICE: FPU_B -> Connecting
2025-09-30 08:42:26.2408 | NMEA_FPU_DRIVER.Program.DriverRunner | Info | DEVICE: FPU_A -> Connecting
2025-09-30 08:42:26.2844 | OpcUaLib.Client | Info | Attempting to connect to OPC UA server -> opc.tcp://127.0.0.1:49380/
2025-09-30 08:42:26.3654 | OpcUaLib.Client | Info | OPC UA SERVER CONNECTED --> opc.tcp://127.0.0.1:49380/
2025-09-30 08:42:29.3922 | OpcUaLib.Client | Info | OPC Subscription created with 1 monitored tags.
2025-09-30 08:56:00.0209 | Topshelf.HostFactory | Info | Configuration Result:
[Success] Name RMS_FPU_DRIVER
[Success] DisplayName RMS FPU DRIVER
[Success] Description App for bridging NMEA FPU data to OPC UA SERVER
[Success] ServiceName RMS_FPU_DRIVER
2025-09-30 08:56:00.0508 | Topshelf.HostConfigurators.HostConfiguratorImpl | Info | Topshelf v4.3.0.0, .NET Framework 4.8.9310.0 (4.0.30319.42000)
2025-09-30 08:56:00.2528 | Topshelf.Hosts.ConsoleRunHost | Info | The RMS_FPU_DRIVER service is now running, press Control+C to exit.
2025-09-30 08:56:00.2779 | NMEA_FPU_DRIVER.Program.DriverRunner | Info | Service starting...
2025-09-30 08:56:00.6940 | OpcUaLib.Client | Info | Opc Client Initialized
2025-09-30 08:56:00.8649 | NMEA_FPU_DRIVER.Program.DriverRunner | Info | Service started!
2025-09-30 08:56:00.8649 | NMEA_FPU_DRIVER.Program.DriverRunner | Info | DEVICE: FPU_B -> Connecting
2025-09-30 08:56:00.8649 | NMEA_FPU_DRIVER.Program.DriverRunner | Info | DEVICE: FPU_A -> Connecting
2025-09-30 08:56:00.9094 | OpcUaLib.Client | Info | Attempting to connect to OPC UA server -> opc.tcp://127.0.0.1:49380/
2025-09-30 08:56:00.9930 | OpcUaLib.Client | Info | OPC UA SERVER CONNECTED --> opc.tcp://127.0.0.1:49380/
2025-09-30 08:56:01.0852 | NMEA_FPU_DRIVER.Program.DriverRunner | Info | DEVICE: FPU_A -> Connected
2025-09-30 08:56:01.0852 | NMEA_FPU_DRIVER.Program.DriverRunner | Info | DEVICE: FPU_B -> Connected
2025-09-30 08:56:04.0215 | OpcUaLib.Client | Info | OPC Subscription created with 1 monitored tags.
2025-09-30 09:14:01.7133 | Topshelf.HostFactory | Info | Configuration Result:
[Success] Name RMS_FPU_DRIVER
[Success] DisplayName RMS FPU DRIVER
[Success] Description App for bridging NMEA FPU data to OPC UA SERVER
[Success] ServiceName RMS_FPU_DRIVER
2025-09-30 09:14:01.7430 | Topshelf.HostConfigurators.HostConfiguratorImpl | Info | Topshelf v4.3.0.0, .NET Framework 4.8.9310.0 (4.0.30319.42000)
2025-09-30 09:14:01.9363 | Topshelf.Hosts.ConsoleRunHost | Info | The RMS_FPU_DRIVER service is now running, press Control+C to exit.
2025-09-30 09:14:01.9593 | NMEA_FPU_DRIVER.Program.DriverRunner | Info | Service starting...
2025-09-30 09:14:02.3670 | OpcUaLib.Client | Info | Opc Client Initialized
2025-09-30 09:14:02.5306 | NMEA_FPU_DRIVER.Program.DriverRunner | Info | Service started!
2025-09-30 09:14:02.5306 | NMEA_FPU_DRIVER.Program.DriverRunner | Info | DEVICE: FPU_B -> Connecting
2025-09-30 09:14:02.5382 | NMEA_FPU_DRIVER.Program.DriverRunner | Info | DEVICE: FPU_A -> Connecting
2025-09-30 09:14:02.5726 | OpcUaLib.Client | Info | Attempting to connect to OPC UA server -> opc.tcp://127.0.0.1:49380/
2025-09-30 09:14:02.6524 | OpcUaLib.Client | Info | OPC UA SERVER CONNECTED --> opc.tcp://127.0.0.1:49380/
2025-09-30 09:14:03.0830 | NMEA_FPU_DRIVER.Program.DriverRunner | Info | DEVICE: FPU_A -> Connected
2025-09-30 09:14:03.0830 | NMEA_FPU_DRIVER.Program.DriverRunner | Info | DEVICE: FPU_B -> Connected
2025-09-30 09:14:05.6801 | OpcUaLib.Client | Info | OPC Subscription created with 1 monitored tags.
2025-09-30 09:19:10.3057 | Topshelf.HostFactory | Info | Configuration Result:
[Success] Name RMS_FPU_DRIVER
[Success] DisplayName RMS FPU DRIVER
[Success] Description App for bridging NMEA FPU data to OPC UA SERVER
[Success] ServiceName RMS_FPU_DRIVER
2025-09-30 09:19:10.3263 | Topshelf.HostConfigurators.HostConfiguratorImpl | Info | Topshelf v4.3.0.0, .NET Framework 4.8.9310.0 (4.0.30319.42000)
2025-09-30 09:19:10.5136 | Topshelf.Hosts.ConsoleRunHost | Info | The RMS_FPU_DRIVER service is now running, press Control+C to exit.
2025-09-30 09:19:10.5371 | NMEA_FPU_DRIVER.Program.DriverRunner | Info | Service starting...
2025-09-30 09:19:10.9244 | OpcUaLib.Client | Info | Opc Client Initialized
2025-09-30 09:19:11.0830 | NMEA_FPU_DRIVER.Program.DriverRunner | Info | Service started!
2025-09-30 09:19:11.0830 | NMEA_FPU_DRIVER.Program.DriverRunner | Info | DEVICE: FPU_B -> Connecting
2025-09-30 09:19:11.0830 | NMEA_FPU_DRIVER.Program.DriverRunner | Info | DEVICE: FPU_A -> Connecting
2025-09-30 09:19:11.1245 | OpcUaLib.Client | Info | Attempting to connect to OPC UA server -> opc.tcp://127.0.0.1:49380/
2025-09-30 09:19:11.2076 | OpcUaLib.Client | Info | OPC UA SERVER CONNECTED --> opc.tcp://127.0.0.1:49380/
2025-09-30 09:19:11.2484 | NMEA_FPU_DRIVER.Program.DriverRunner | Info | DEVICE: FPU_A -> Connected
2025-09-30 09:19:11.2484 | NMEA_FPU_DRIVER.Program.DriverRunner | Info | DEVICE: FPU_B -> Connected
2025-09-30 09:19:14.2323 | OpcUaLib.Client | Info | OPC Subscription created with 1 monitored tags.
2025-09-30 09:25:40.9596 | Topshelf.HostFactory | Info | Configuration Result:
[Success] Name RMS_FPU_DRIVER
[Success] DisplayName RMS FPU DRIVER
[Success] Description App for bridging NMEA FPU data to OPC UA SERVER
[Success] ServiceName RMS_FPU_DRIVER
2025-09-30 09:25:40.9826 | Topshelf.HostConfigurators.HostConfiguratorImpl | Info | Topshelf v4.3.0.0, .NET Framework 4.8.9310.0 (4.0.30319.42000)
2025-09-30 09:25:41.1749 | Topshelf.Hosts.ConsoleRunHost | Info | The RMS_FPU_DRIVER service is now running, press Control+C to exit.
2025-09-30 09:25:41.1914 | NMEA_FPU_DRIVER.Program.DriverRunner | Info | Service starting...
2025-09-30 09:25:41.5877 | OpcUaLib.Client | Info | Opc Client Initialized
2025-09-30 09:25:41.7465 | NMEA_FPU_DRIVER.Program.DriverRunner | Info | Service started!
2025-09-30 09:25:41.7465 | NMEA_FPU_DRIVER.Program.DriverRunner | Info | DEVICE: FPU_B -> Connecting
2025-09-30 09:25:41.7465 | NMEA_FPU_DRIVER.Program.DriverRunner | Info | DEVICE: FPU_A -> Connecting
2025-09-30 09:25:41.7861 | OpcUaLib.Client | Info | Attempting to connect to OPC UA server -> opc.tcp://127.0.0.1:49380/
2025-09-30 09:25:41.8632 | OpcUaLib.Client | Info | OPC UA SERVER CONNECTED --> opc.tcp://127.0.0.1:49380/
2025-09-30 09:25:42.0845 | NMEA_FPU_DRIVER.Program.DriverRunner | Info | DEVICE: FPU_A -> Connected
2025-09-30 09:25:42.0845 | NMEA_FPU_DRIVER.Program.DriverRunner | Info | DEVICE: FPU_B -> Connected
2025-09-30 09:50:52.0882 | Topshelf.HostFactory | Info | Configuration Result:
[Success] Name RMS_FPU_DRIVER
[Success] DisplayName RMS FPU DRIVER
[Success] Description App for bridging NMEA FPU data to OPC UA SERVER
[Success] ServiceName RMS_FPU_DRIVER
2025-09-30 09:50:52.1059 | Topshelf.HostConfigurators.HostConfiguratorImpl | Info | Topshelf v4.3.0.0, .NET Framework 4.8.9310.0 (4.0.30319.42000)
2025-09-30 09:50:52.2956 | Topshelf.Hosts.ConsoleRunHost | Info | The RMS_FPU_DRIVER service is now running, press Control+C to exit.
2025-09-30 09:50:52.3167 | NMEA_FPU_DRIVER.Program.DriverRunner | Info | Service starting...
2025-09-30 09:50:52.7204 | OpcUaLib.Client | Info | Opc Client Initialized
2025-09-30 09:50:52.8769 | NMEA_FPU_DRIVER.Program.DriverRunner | Info | Service started!
2025-09-30 09:50:52.8819 | NMEA_FPU_DRIVER.Program.DriverRunner | Info | DEVICE: FPU_B -> Connecting
2025-09-30 09:50:52.8819 | NMEA_FPU_DRIVER.Driver.NmeaUdpDevice | Info | FPU_B: Bound to 0.0.0.0:10111 (hostFilter=127.0.0.1)
2025-09-30 09:50:52.8819 | NMEA_FPU_DRIVER.Program.DriverRunner | Info | DEVICE: FPU_A -> Connecting
2025-09-30 09:50:52.8819 | NMEA_FPU_DRIVER.Driver.NmeaUdpDevice | Info | FPU_A: Bound to 0.0.0.0:10110 (hostFilter=127.0.0.1)
2025-09-30 09:50:52.9205 | OpcUaLib.Client | Info | Attempting to connect to OPC UA server -> opc.tcp://127.0.0.1:49380/
2025-09-30 09:50:52.9993 | OpcUaLib.Client | Info | OPC UA SERVER CONNECTED --> opc.tcp://127.0.0.1:49380/
2025-09-30 09:50:53.0854 | NMEA_FPU_DRIVER.Program.DriverRunner | Info | DEVICE: FPU_B -> Connected
2025-09-30 09:50:53.0854 | NMEA_FPU_DRIVER.Program.DriverRunner | Info | DEVICE: FPU_A -> Connected
2025-09-30 09:50:56.0328 | OpcUaLib.Client | Info | OPC Subscription created with 1 monitored tags.
2025-09-30 09:51:01.0216 | NMEA_FPU_DRIVER.Program.DriverRunner | Info | DEVICE: FPU_B -> Disconnected
2025-09-30 09:51:01.0216 | NMEA_FPU_DRIVER.Program.DriverRunner | Info | DEVICE: FPU_A -> Disconnected
2025-09-30 09:51:01.0176 | Topshelf.Hosts.ConsoleRunHost | Info | Control+C detected, attempting to stop service.
2025-09-30 09:51:01.0361 | Topshelf.Hosts.ConsoleRunHost | Info | The RMS_FPU_DRIVER service has stopped.
2025-09-30 09:57:51.7240 | Topshelf.HostFactory | Info | Configuration Result:
[Success] Name RMS_FPU_DRIVER
[Success] DisplayName RMS FPU DRIVER
[Success] Description App for bridging NMEA FPU data to OPC UA SERVER
[Success] ServiceName RMS_FPU_DRIVER
2025-09-30 09:57:51.7515 | Topshelf.HostConfigurators.HostConfiguratorImpl | Info | Topshelf v4.3.0.0, .NET Framework 4.8.9310.0 (4.0.30319.42000)
2025-09-30 09:57:51.9473 | Topshelf.Hosts.ConsoleRunHost | Info | The RMS_FPU_DRIVER service is now running, press Control+C to exit.
2025-09-30 09:57:51.9598 | NMEA_FPU_DRIVER.Program.DriverRunner | Info | Service starting...
2025-09-30 09:57:52.3783 | OpcUaLib.Client | Info | Opc Client Initialized
2025-09-30 09:57:52.5412 | NMEA_FPU_DRIVER.Program.DriverRunner | Info | Service started!
2025-09-30 09:57:52.5412 | NMEA_FPU_DRIVER.Program.DriverRunner | Info | DEVICE: FPU_B -> Connecting
2025-09-30 09:57:52.5412 | NMEA_FPU_DRIVER.Driver.NmeaUdpDevice | Info | FPU_B: Bound to 0.0.0.0:10111 (hostFilter=127.0.0.1)
2025-09-30 09:57:52.5412 | NMEA_FPU_DRIVER.Program.DriverRunner | Info | DEVICE: FPU_A -> Connecting
2025-09-30 09:57:52.5412 | NMEA_FPU_DRIVER.Driver.NmeaUdpDevice | Info | FPU_A: Bound to 0.0.0.0:10110 (hostFilter=127.0.0.1)
2025-09-30 09:57:52.5801 | OpcUaLib.Client | Info | Attempting to connect to OPC UA server -> opc.tcp://127.0.0.1:49380/
2025-09-30 09:57:52.6648 | OpcUaLib.Client | Info | OPC UA SERVER CONNECTED --> opc.tcp://127.0.0.1:49380/
2025-09-30 09:57:53.0836 | NMEA_FPU_DRIVER.Program.DriverRunner | Info | DEVICE: FPU_A -> Connected
2025-09-30 09:57:53.0836 | NMEA_FPU_DRIVER.Program.DriverRunner | Info | DEVICE: FPU_B -> Connected
2025-09-30 09:57:55.6937 | OpcUaLib.Client | Info | OPC Subscription created with 1 monitored tags.
2025-09-30 10:03:46.0719 | Topshelf.HostFactory | Info | Configuration Result:
[Success] Name RMS_FPU_DRIVER
[Success] DisplayName RMS FPU DRIVER
[Success] Description App for bridging NMEA FPU data to OPC UA SERVER
[Success] ServiceName RMS_FPU_DRIVER
2025-09-30 10:03:46.1000 | Topshelf.HostConfigurators.HostConfiguratorImpl | Info | Topshelf v4.3.0.0, .NET Framework 4.8.9310.0 (4.0.30319.42000)
2025-09-30 10:03:46.2902 | Topshelf.Hosts.ConsoleRunHost | Info | The RMS_FPU_DRIVER service is now running, press Control+C to exit.
2025-09-30 10:03:46.3062 | NMEA_FPU_DRIVER.Program.DriverRunner | Info | Service starting...
2025-09-30 10:03:46.7354 | OpcUaLib.Client | Info | Opc Client Initialized
2025-09-30 10:03:46.8926 | NMEA_FPU_DRIVER.Program.DriverRunner | Info | Service started!
2025-09-30 10:03:46.8976 | NMEA_FPU_DRIVER.Program.DriverRunner | Info | DEVICE: FPU_B -> Connecting
2025-09-30 10:03:46.8976 | NMEA_FPU_DRIVER.Driver.NmeaUdpDevice | Info | FPU_B: Bound to 0.0.0.0:10111 (hostFilter=127.0.0.1)
2025-09-30 10:03:46.8976 | NMEA_FPU_DRIVER.Program.DriverRunner | Info | DEVICE: FPU_A -> Connecting
2025-09-30 10:03:46.8976 | NMEA_FPU_DRIVER.Driver.NmeaUdpDevice | Info | FPU_A: Bound to 0.0.0.0:10110 (hostFilter=127.0.0.1)
2025-09-30 10:03:46.9333 | OpcUaLib.Client | Info | Attempting to connect to OPC UA server -> opc.tcp://127.0.0.1:49380/
2025-09-30 10:03:47.0144 | OpcUaLib.Client | Info | OPC UA SERVER CONNECTED --> opc.tcp://127.0.0.1:49380/
2025-09-30 10:03:47.0834 | NMEA_FPU_DRIVER.Program.DriverRunner | Info | DEVICE: FPU_A -> Connected
2025-09-30 10:03:47.0834 | NMEA_FPU_DRIVER.Program.DriverRunner | Info | DEVICE: FPU_B -> Connected
2025-09-30 10:14:26.9648 | Topshelf.HostFactory | Info | Configuration Result:
[Success] Name RMS_FPU_DRIVER
[Success] DisplayName RMS FPU DRIVER
[Success] Description App for bridging NMEA FPU data to OPC UA SERVER
[Success] ServiceName RMS_FPU_DRIVER
2025-09-30 10:14:26.9908 | Topshelf.HostConfigurators.HostConfiguratorImpl | Info | Topshelf v4.3.0.0, .NET Framework 4.8.9310.0 (4.0.30319.42000)
2025-09-30 10:14:27.1840 | Topshelf.Hosts.ConsoleRunHost | Info | The RMS_FPU_DRIVER service is now running, press Control+C to exit.
2025-09-30 10:14:27.2070 | NMEA_FPU_DRIVER.Program.DriverRunner | Info | Service starting...
2025-09-30 10:14:27.6094 | OpcUaLib.Client | Info | Opc Client Initialized
2025-09-30 10:14:27.7691 | NMEA_FPU_DRIVER.Program.DriverRunner | Info | Service started!
2025-09-30 10:14:27.7731 | NMEA_FPU_DRIVER.Program.DriverRunner | Info | DEVICE: FPU_B -> Connecting
2025-09-30 10:14:27.7731 | NMEA_FPU_DRIVER.Driver.NmeaUdpDevice | Info | FPU_B: Bound to 0.0.0.0:10111 (hostFilter=127.0.0.1)
2025-09-30 10:14:27.7731 | NMEA_FPU_DRIVER.Program.DriverRunner | Info | DEVICE: FPU_A -> Connecting
2025-09-30 10:14:27.7731 | NMEA_FPU_DRIVER.Driver.NmeaUdpDevice | Info | FPU_A: Bound to 0.0.0.0:10110 (hostFilter=127.0.0.1)
2025-09-30 10:14:27.8102 | OpcUaLib.Client | Info | Attempting to connect to OPC UA server -> opc.tcp://127.0.0.1:49380/
2025-09-30 10:14:27.8873 | OpcUaLib.Client | Info | OPC UA SERVER CONNECTED --> opc.tcp://127.0.0.1:49380/
2025-09-30 10:14:28.0826 | NMEA_FPU_DRIVER.Program.DriverRunner | Info | DEVICE: FPU_A -> Connected
2025-09-30 10:14:28.0826 | NMEA_FPU_DRIVER.Program.DriverRunner | Info | DEVICE: FPU_B -> Connected
2025-09-30 10:52:12.7469 | Topshelf.HostFactory | Info | Configuration Result:
[Success] Name RMS_FPU_DRIVER
[Success] DisplayName RMS FPU DRIVER
[Success] Description App for bridging NMEA FPU data to OPC UA SERVER
[Success] ServiceName RMS_FPU_DRIVER
2025-09-30 10:52:12.7725 | Topshelf.HostConfigurators.HostConfiguratorImpl | Info | Topshelf v4.3.0.0, .NET Framework 4.8.9310.0 (4.0.30319.42000)
2025-09-30 10:52:12.9676 | Topshelf.Hosts.ConsoleRunHost | Info | The RMS_FPU_DRIVER service is now running, press Control+C to exit.
2025-09-30 10:52:12.9923 | NMEA_FPU_DRIVER.Program.DriverRunner | Info | Service starting...
2025-09-30 10:52:13.3987 | OpcUaLib.Client | Info | Opc Client Initialized
2025-09-30 10:52:13.5579 | NMEA_FPU_DRIVER.Program.DriverRunner | Info | Service started!
2025-09-30 10:52:13.5579 | NMEA_FPU_DRIVER.Program.DriverRunner | Info | DEVICE: FPU_B -> Connecting
2025-09-30 10:52:13.5579 | NMEA_FPU_DRIVER.Program.DriverRunner | Info | DEVICE: FPU_A -> Connecting
2025-09-30 10:52:13.5579 | NMEA_FPU_DRIVER.Driver.NmeaUdpDevice | Info | FPU_B: Bound to 0.0.0.0:10111 (hostFilter=127.0.0.1)
2025-09-30 10:52:13.5579 | NMEA_FPU_DRIVER.Driver.NmeaUdpDevice | Info | FPU_A: Bound to 0.0.0.0:10110 (hostFilter=127.0.0.1)
2025-09-30 10:52:13.6006 | OpcUaLib.Client | Info | Attempting to connect to OPC UA server -> opc.tcp://127.0.0.1:49380/
2025-09-30 10:52:13.6838 | OpcUaLib.Client | Info | OPC UA SERVER CONNECTED --> opc.tcp://127.0.0.1:49380/
2025-09-30 10:52:14.0820 | NMEA_FPU_DRIVER.Program.DriverRunner | Info | DEVICE: FPU_A -> Connected
2025-09-30 10:52:14.0820 | NMEA_FPU_DRIVER.Program.DriverRunner | Info | DEVICE: FPU_B -> Connected
2025-09-30 10:52:16.7134 | OpcUaLib.Client | Info | OPC Subscription created with 1 monitored tags.
2025-09-30 10:52:18.6033 | NMEA_FPU_DRIVER.Driver.FpuFactory | Warn | ERROR PARSING ZDA MESSAGE FPU_B
2025-09-30 10:52:18.6033 | NMEA_FPU_DRIVER.Driver.FpuFactory | Warn | ERROR PARSING ZDA MESSAGE FPU_B
2025-09-30 10:52:19.5997 | NMEA_FPU_DRIVER.Driver.FpuFactory | Warn | ERROR PARSING ZDA MESSAGE FPU_B
2025-09-30 10:52:19.5997 | NMEA_FPU_DRIVER.Driver.FpuFactory | Warn | ERROR PARSING ZDA MESSAGE FPU_B
2025-09-30 10:52:20.6102 | NMEA_FPU_DRIVER.Driver.FpuFactory | Warn | ERROR PARSING ZDA MESSAGE FPU_B
2025-09-30 10:52:20.6157 | NMEA_FPU_DRIVER.Driver.FpuFactory | Warn | ERROR PARSING ZDA MESSAGE FPU_B
2025-09-30 10:52:21.6175 | NMEA_FPU_DRIVER.Driver.FpuFactory | Warn | ERROR PARSING ZDA MESSAGE FPU_B
2025-09-30 10:52:21.6175 | NMEA_FPU_DRIVER.Driver.FpuFactory | Warn | ERROR PARSING ZDA MESSAGE FPU_B
2025-09-30 10:52:22.6225 | NMEA_FPU_DRIVER.Driver.FpuFactory | Warn | ERROR PARSING ZDA MESSAGE FPU_B
2025-09-30 10:52:22.6295 | NMEA_FPU_DRIVER.Driver.FpuFactory | Warn | ERROR PARSING ZDA MESSAGE FPU_B
2025-09-30 10:52:23.6283 | NMEA_FPU_DRIVER.Driver.FpuFactory | Warn | ERROR PARSING ZDA MESSAGE FPU_B
2025-09-30 10:52:23.6343 | NMEA_FPU_DRIVER.Driver.FpuFactory | Warn | ERROR PARSING ZDA MESSAGE FPU_B
2025-09-30 10:52:24.6332 | NMEA_FPU_DRIVER.Driver.FpuFactory | Warn | ERROR PARSING ZDA MESSAGE FPU_B
2025-09-30 10:52:24.6332 | NMEA_FPU_DRIVER.Driver.FpuFactory | Warn | ERROR PARSING ZDA MESSAGE FPU_B
2025-09-30 10:52:25.6381 | NMEA_FPU_DRIVER.Driver.FpuFactory | Warn | ERROR PARSING ZDA MESSAGE FPU_B
2025-09-30 10:52:25.6381 | NMEA_FPU_DRIVER.Driver.FpuFactory | Warn | ERROR PARSING ZDA MESSAGE FPU_B
2025-09-30 10:52:26.6464 | NMEA_FPU_DRIVER.Driver.FpuFactory | Warn | ERROR PARSING ZDA MESSAGE FPU_B
2025-09-30 10:52:26.6464 | NMEA_FPU_DRIVER.Driver.FpuFactory | Warn | ERROR PARSING ZDA MESSAGE FPU_B
2025-09-30 10:52:27.6499 | NMEA_FPU_DRIVER.Driver.FpuFactory | Warn | ERROR PARSING ZDA MESSAGE FPU_B
2025-09-30 10:52:27.6499 | NMEA_FPU_DRIVER.Driver.FpuFactory | Warn | ERROR PARSING ZDA MESSAGE FPU_B
2025-09-30 10:52:28.6527 | NMEA_FPU_DRIVER.Driver.FpuFactory | Warn | ERROR PARSING ZDA MESSAGE FPU_B
2025-09-30 10:52:28.6527 | NMEA_FPU_DRIVER.Driver.FpuFactory | Warn | ERROR PARSING ZDA MESSAGE FPU_B
2025-09-30 10:52:29.6552 | NMEA_FPU_DRIVER.Driver.FpuFactory | Warn | ERROR PARSING ZDA MESSAGE FPU_B
2025-09-30 10:52:29.6622 | NMEA_FPU_DRIVER.Driver.FpuFactory | Warn | ERROR PARSING ZDA MESSAGE FPU_B
2025-09-30 10:52:53.5860 | Topshelf.HostFactory | Info | Configuration Result:
[Success] Name RMS_FPU_DRIVER
[Success] DisplayName RMS FPU DRIVER
[Success] Description App for bridging NMEA FPU data to OPC UA SERVER
[Success] ServiceName RMS_FPU_DRIVER
2025-09-30 10:52:53.6120 | Topshelf.HostConfigurators.HostConfiguratorImpl | Info | Topshelf v4.3.0.0, .NET Framework 4.8.9310.0 (4.0.30319.42000)
2025-09-30 10:52:53.7964 | Topshelf.Hosts.ConsoleRunHost | Info | The RMS_FPU_DRIVER service is now running, press Control+C to exit.
2025-09-30 10:52:53.8204 | NMEA_FPU_DRIVER.Program.DriverRunner | Info | Service starting...
2025-09-30 10:52:54.2148 | OpcUaLib.Client | Info | Opc Client Initialized
2025-09-30 10:52:54.3821 | NMEA_FPU_DRIVER.Program.DriverRunner | Info | Service started!
2025-09-30 10:52:54.3821 | NMEA_FPU_DRIVER.Program.DriverRunner | Info | DEVICE: FPU_B -> Connecting
2025-09-30 10:52:54.3821 | NMEA_FPU_DRIVER.Driver.NmeaUdpDevice | Info | FPU_B: Bound to 0.0.0.0:10111 (hostFilter=127.0.0.1)
2025-09-30 10:52:54.3821 | NMEA_FPU_DRIVER.Program.DriverRunner | Info | DEVICE: FPU_A -> Connecting
2025-09-30 10:52:54.3821 | NMEA_FPU_DRIVER.Driver.NmeaUdpDevice | Info | FPU_A: Bound to 0.0.0.0:10110 (hostFilter=127.0.0.1)
2025-09-30 10:52:54.4228 | OpcUaLib.Client | Info | Attempting to connect to OPC UA server -> opc.tcp://127.0.0.1:49380/
2025-09-30 10:52:54.4963 | OpcUaLib.Client | Info | OPC UA SERVER CONNECTED --> opc.tcp://127.0.0.1:49380/
2025-09-30 10:52:55.0837 | NMEA_FPU_DRIVER.Program.DriverRunner | Info | DEVICE: FPU_B -> Connected
2025-09-30 10:52:55.0837 | NMEA_FPU_DRIVER.Program.DriverRunner | Info | DEVICE: FPU_A -> Connected
2025-09-30 10:52:57.5190 | OpcUaLib.Client | Info | OPC Subscription created with 1 monitored tags.
2025-09-30 10:52:59.4187 | NMEA_FPU_DRIVER.Driver.FpuFactory | Warn | ERROR PARSING ZDA MESSAGE FPU_B -> The UTC time represented when the offset is applied must be between year 0 and 10,000.
Parameter name: offset
2025-09-30 10:52:59.4187 | NMEA_FPU_DRIVER.Driver.FpuFactory | Warn | ERROR PARSING ZDA MESSAGE FPU_B -> The UTC time represented when the offset is applied must be between year 0 and 10,000.
Parameter name: offset
2025-09-30 10:53:00.4292 | NMEA_FPU_DRIVER.Driver.FpuFactory | Warn | ERROR PARSING ZDA MESSAGE FPU_B -> The UTC time represented when the offset is applied must be between year 0 and 10,000.
Parameter name: offset
2025-09-30 10:53:00.4292 | NMEA_FPU_DRIVER.Driver.FpuFactory | Warn | ERROR PARSING ZDA MESSAGE FPU_B -> The UTC time represented when the offset is applied must be between year 0 and 10,000.
Parameter name: offset
2025-09-30 10:53:01.4381 | NMEA_FPU_DRIVER.Driver.FpuFactory | Warn | ERROR PARSING ZDA MESSAGE FPU_B -> The UTC time represented when the offset is applied must be between year 0 and 10,000.
Parameter name: offset
2025-09-30 10:53:01.4451 | NMEA_FPU_DRIVER.Driver.FpuFactory | Warn | ERROR PARSING ZDA MESSAGE FPU_B -> The UTC time represented when the offset is applied must be between year 0 and 10,000.
Parameter name: offset
2025-09-30 10:53:02.4449 | NMEA_FPU_DRIVER.Driver.FpuFactory | Warn | ERROR PARSING ZDA MESSAGE FPU_B -> The UTC time represented when the offset is applied must be between year 0 and 10,000.
Parameter name: offset
2025-09-30 10:53:02.4449 | NMEA_FPU_DRIVER.Driver.FpuFactory | Warn | ERROR PARSING ZDA MESSAGE FPU_B -> The UTC time represented when the offset is applied must be between year 0 and 10,000.
Parameter name: offset
2025-09-30 10:53:03.4494 | NMEA_FPU_DRIVER.Driver.FpuFactory | Warn | ERROR PARSING ZDA MESSAGE FPU_B -> The UTC time represented when the offset is applied must be between year 0 and 10,000.
Parameter name: offset
2025-09-30 10:53:03.4494 | NMEA_FPU_DRIVER.Driver.FpuFactory | Warn | ERROR PARSING ZDA MESSAGE FPU_B -> The UTC time represented when the offset is applied must be between year 0 and 10,000.
Parameter name: offset
2025-09-30 10:53:04.4548 | NMEA_FPU_DRIVER.Driver.FpuFactory | Warn | ERROR PARSING ZDA MESSAGE FPU_B -> The UTC time represented when the offset is applied must be between year 0 and 10,000.
Parameter name: offset
2025-09-30 10:53:04.4707 | NMEA_FPU_DRIVER.Driver.FpuFactory | Warn | ERROR PARSING ZDA MESSAGE FPU_B -> The UTC time represented when the offset is applied must be between year 0 and 10,000.
Parameter name: offset
2025-09-30 10:53:05.4550 | NMEA_FPU_DRIVER.Driver.FpuFactory | Warn | ERROR PARSING ZDA MESSAGE FPU_B -> The UTC time represented when the offset is applied must be between year 0 and 10,000.
Parameter name: offset
2025-09-30 10:53:05.4589 | NMEA_FPU_DRIVER.Driver.FpuFactory | Warn | ERROR PARSING ZDA MESSAGE FPU_B -> The UTC time represented when the offset is applied must be between year 0 and 10,000.
Parameter name: offset
2025-09-30 10:53:06.4717 | NMEA_FPU_DRIVER.Driver.FpuFactory | Warn | ERROR PARSING ZDA MESSAGE FPU_B -> The UTC time represented when the offset is applied must be between year 0 and 10,000.
Parameter name: offset
2025-09-30 10:53:06.4836 | NMEA_FPU_DRIVER.Driver.FpuFactory | Warn | ERROR PARSING ZDA MESSAGE FPU_B -> The UTC time represented when the offset is applied must be between year 0 and 10,000.
Parameter name: offset
2025-09-30 10:53:07.4751 | NMEA_FPU_DRIVER.Driver.FpuFactory | Warn | ERROR PARSING ZDA MESSAGE FPU_B -> The UTC time represented when the offset is applied must be between year 0 and 10,000.
Parameter name: offset
2025-09-30 10:53:07.4751 | NMEA_FPU_DRIVER.Driver.FpuFactory | Warn | ERROR PARSING ZDA MESSAGE FPU_B -> The UTC time represented when the offset is applied must be between year 0 and 10,000.
Parameter name: offset
2025-09-30 10:53:08.4846 | NMEA_FPU_DRIVER.Driver.FpuFactory | Warn | ERROR PARSING ZDA MESSAGE FPU_B -> The UTC time represented when the offset is applied must be between year 0 and 10,000.
Parameter name: offset
2025-09-30 10:53:08.4936 | NMEA_FPU_DRIVER.Driver.FpuFactory | Warn | ERROR PARSING ZDA MESSAGE FPU_B -> The UTC time represented when the offset is applied must be between year 0 and 10,000.
Parameter name: offset
2025-09-30 10:53:09.4931 | NMEA_FPU_DRIVER.Driver.FpuFactory | Warn | ERROR PARSING ZDA MESSAGE FPU_B -> The UTC time represented when the offset is applied must be between year 0 and 10,000.
Parameter name: offset
2025-09-30 10:53:09.4931 | NMEA_FPU_DRIVER.Driver.FpuFactory | Warn | ERROR PARSING ZDA MESSAGE FPU_B -> The UTC time represented when the offset is applied must be between year 0 and 10,000.
Parameter name: offset
2025-09-30 10:53:10.5060 | NMEA_FPU_DRIVER.Driver.FpuFactory | Warn | ERROR PARSING ZDA MESSAGE FPU_B -> The UTC time represented when the offset is applied must be between year 0 and 10,000.
Parameter name: offset
2025-09-30 10:53:10.5060 | NMEA_FPU_DRIVER.Driver.FpuFactory | Warn | ERROR PARSING ZDA MESSAGE FPU_B -> The UTC time represented when the offset is applied must be between year 0 and 10,000.
Parameter name: offset
2025-09-30 10:53:11.5109 | NMEA_FPU_DRIVER.Driver.FpuFactory | Warn | ERROR PARSING ZDA MESSAGE FPU_B -> The UTC time represented when the offset is applied must be between year 0 and 10,000.
Parameter name: offset
2025-09-30 10:53:11.5109 | NMEA_FPU_DRIVER.Driver.FpuFactory | Warn | ERROR PARSING ZDA MESSAGE FPU_B -> The UTC time represented when the offset is applied must be between year 0 and 10,000.
Parameter name: offset
2025-09-30 10:53:12.5150 | NMEA_FPU_DRIVER.Driver.FpuFactory | Warn | ERROR PARSING ZDA MESSAGE FPU_B -> The UTC time represented when the offset is applied must be between year 0 and 10,000.
Parameter name: offset
2025-09-30 10:53:12.5230 | NMEA_FPU_DRIVER.Driver.FpuFactory | Warn | ERROR PARSING ZDA MESSAGE FPU_B -> The UTC time represented when the offset is applied must be between year 0 and 10,000.
Parameter name: offset
2025-09-30 10:53:13.5246 | NMEA_FPU_DRIVER.Driver.FpuFactory | Warn | ERROR PARSING ZDA MESSAGE FPU_B -> The UTC time represented when the offset is applied must be between year 0 and 10,000.
Parameter name: offset
2025-09-30 10:53:13.5246 | NMEA_FPU_DRIVER.Driver.FpuFactory | Warn | ERROR PARSING ZDA MESSAGE FPU_B -> The UTC time represented when the offset is applied must be between year 0 and 10,000.
Parameter name: offset
2025-09-30 10:53:14.5301 | NMEA_FPU_DRIVER.Driver.FpuFactory | Warn | ERROR PARSING ZDA MESSAGE FPU_B -> The UTC time represented when the offset is applied must be between year 0 and 10,000.
Parameter name: offset
2025-09-30 10:53:14.5371 | NMEA_FPU_DRIVER.Driver.FpuFactory | Warn | ERROR PARSING ZDA MESSAGE FPU_B -> The UTC time represented when the offset is applied must be between year 0 and 10,000.
Parameter name: offset
2025-09-30 10:53:15.5383 | NMEA_FPU_DRIVER.Driver.FpuFactory | Warn | ERROR PARSING ZDA MESSAGE FPU_B -> The UTC time represented when the offset is applied must be between year 0 and 10,000.
Parameter name: offset
2025-09-30 10:53:15.5383 | NMEA_FPU_DRIVER.Driver.FpuFactory | Warn | ERROR PARSING ZDA MESSAGE FPU_B -> The UTC time represented when the offset is applied must be between year 0 and 10,000.
Parameter name: offset
2025-09-30 10:53:16.5391 | NMEA_FPU_DRIVER.Driver.FpuFactory | Warn | ERROR PARSING ZDA MESSAGE FPU_B -> The UTC time represented when the offset is applied must be between year 0 and 10,000.
Parameter name: offset
2025-09-30 10:53:16.5391 | NMEA_FPU_DRIVER.Driver.FpuFactory | Warn | ERROR PARSING ZDA MESSAGE FPU_B -> The UTC time represented when the offset is applied must be between year 0 and 10,000.
Parameter name: offset
2025-09-30 10:53:17.5528 | NMEA_FPU_DRIVER.Driver.FpuFactory | Warn | ERROR PARSING ZDA MESSAGE FPU_B -> The UTC time represented when the offset is applied must be between year 0 and 10,000.
Parameter name: offset
2025-09-30 10:53:17.5528 | NMEA_FPU_DRIVER.Driver.FpuFactory | Warn | ERROR PARSING ZDA MESSAGE FPU_B -> The UTC time represented when the offset is applied must be between year 0 and 10,000.
Parameter name: offset
2025-09-30 10:53:18.5824 | NMEA_FPU_DRIVER.Driver.FpuFactory | Warn | ERROR PARSING ZDA MESSAGE FPU_B -> The UTC time represented when the offset is applied must be between year 0 and 10,000.
Parameter name: offset
2025-09-30 10:53:18.5824 | NMEA_FPU_DRIVER.Driver.FpuFactory | Warn | ERROR PARSING ZDA MESSAGE FPU_B -> The UTC time represented when the offset is applied must be between year 0 and 10,000.
Parameter name: offset
2025-09-30 10:53:23.7236 | Topshelf.HostFactory | Info | Configuration Result:
[Success] Name RMS_FPU_DRIVER
[Success] DisplayName RMS FPU DRIVER
[Success] Description App for bridging NMEA FPU data to OPC UA SERVER
[Success] ServiceName RMS_FPU_DRIVER
2025-09-30 10:53:23.7451 | Topshelf.HostConfigurators.HostConfiguratorImpl | Info | Topshelf v4.3.0.0, .NET Framework 4.8.9310.0 (4.0.30319.42000)
2025-09-30 10:53:23.9368 | Topshelf.Hosts.ConsoleRunHost | Info | The RMS_FPU_DRIVER service is now running, press Control+C to exit.
2025-09-30 10:53:23.9588 | NMEA_FPU_DRIVER.Program.DriverRunner | Info | Service starting...
2025-09-30 10:53:24.3610 | OpcUaLib.Client | Info | Opc Client Initialized
2025-09-30 10:53:24.5176 | NMEA_FPU_DRIVER.Program.DriverRunner | Info | Service started!
2025-09-30 10:53:24.5207 | NMEA_FPU_DRIVER.Program.DriverRunner | Info | DEVICE: FPU_B -> Connecting
2025-09-30 10:53:24.5207 | NMEA_FPU_DRIVER.Program.DriverRunner | Info | DEVICE: FPU_A -> Connecting
2025-09-30 10:53:24.5207 | NMEA_FPU_DRIVER.Driver.NmeaUdpDevice | Info | FPU_B: Bound to 0.0.0.0:10111 (hostFilter=127.0.0.1)
2025-09-30 10:53:24.5207 | NMEA_FPU_DRIVER.Driver.NmeaUdpDevice | Info | FPU_A: Bound to 0.0.0.0:10110 (hostFilter=127.0.0.1)
2025-09-30 10:53:24.5588 | OpcUaLib.Client | Info | Attempting to connect to OPC UA server -> opc.tcp://127.0.0.1:49380/
2025-09-30 10:53:24.6375 | OpcUaLib.Client | Info | OPC UA SERVER CONNECTED --> opc.tcp://127.0.0.1:49380/
2025-09-30 10:53:25.0840 | NMEA_FPU_DRIVER.Program.DriverRunner | Info | DEVICE: FPU_A -> Connected
2025-09-30 10:53:25.0840 | NMEA_FPU_DRIVER.Program.DriverRunner | Info | DEVICE: FPU_B -> Connected
2025-09-30 10:53:27.6646 | OpcUaLib.Client | Info | OPC Subscription created with 1 monitored tags.
2025-09-30 10:53:30.5618 | NMEA_FPU_DRIVER.Driver.FpuFactory | Warn | ERROR PARSING ZDA MESSAGE FPU_B -> The UTC time represented when the offset is applied must be between year 0 and 10,000.
Parameter name: offset
2025-09-30 10:53:30.5669 | NMEA_FPU_DRIVER.Driver.FpuFactory | Warn | ERROR PARSING ZDA MESSAGE FPU_B -> The UTC time represented when the offset is applied must be between year 0 and 10,000.
Parameter name: offset
2025-09-30 10:53:31.5657 | NMEA_FPU_DRIVER.Driver.FpuFactory | Warn | ERROR PARSING ZDA MESSAGE FPU_B -> The UTC time represented when the offset is applied must be between year 0 and 10,000.
Parameter name: offset
2025-09-30 10:53:31.5717 | NMEA_FPU_DRIVER.Driver.FpuFactory | Warn | ERROR PARSING ZDA MESSAGE FPU_B -> The UTC time represented when the offset is applied must be between year 0 and 10,000.
Parameter name: offset
2025-09-30 10:53:32.5700 | NMEA_FPU_DRIVER.Driver.FpuFactory | Warn | ERROR PARSING ZDA MESSAGE FPU_B -> The UTC time represented when the offset is applied must be between year 0 and 10,000.
Parameter name: offset
2025-09-30 10:53:32.5700 | NMEA_FPU_DRIVER.Driver.FpuFactory | Warn | ERROR PARSING ZDA MESSAGE FPU_B -> The UTC time represented when the offset is applied must be between year 0 and 10,000.
Parameter name: offset
2025-09-30 10:53:33.5773 | NMEA_FPU_DRIVER.Driver.FpuFactory | Warn | ERROR PARSING ZDA MESSAGE FPU_A -> The UTC time represented when the offset is applied must be between year 0 and 10,000.
Parameter name: offset
2025-09-30 10:53:33.5853 | NMEA_FPU_DRIVER.Driver.FpuFactory | Warn | ERROR PARSING ZDA MESSAGE FPU_A -> The UTC time represented when the offset is applied must be between year 0 and 10,000.
Parameter name: offset
2025-09-30 10:53:34.5776 | NMEA_FPU_DRIVER.Driver.FpuFactory | Warn | ERROR PARSING ZDA MESSAGE FPU_A -> The UTC time represented when the offset is applied must be between year 0 and 10,000.
Parameter name: offset
2025-09-30 10:53:34.5836 | NMEA_FPU_DRIVER.Driver.FpuFactory | Warn | ERROR PARSING ZDA MESSAGE FPU_A -> The UTC time represented when the offset is applied must be between year 0 and 10,000.
Parameter name: offset
2025-09-30 10:53:35.5937 | NMEA_FPU_DRIVER.Driver.FpuFactory | Warn | ERROR PARSING ZDA MESSAGE FPU_A -> The UTC time represented when the offset is applied must be between year 0 and 10,000.
Parameter name: offset
2025-09-30 10:53:35.5988 | NMEA_FPU_DRIVER.Driver.FpuFactory | Warn | ERROR PARSING ZDA MESSAGE FPU_A -> The UTC time represented when the offset is applied must be between year 0 and 10,000.
Parameter name: offset
2025-09-30 10:53:36.5980 | NMEA_FPU_DRIVER.Driver.FpuFactory | Warn | ERROR PARSING ZDA MESSAGE FPU_A -> The UTC time represented when the offset is applied must be between year 0 and 10,000.
Parameter name: offset
2025-09-30 10:53:36.5980 | NMEA_FPU_DRIVER.Driver.FpuFactory | Warn | ERROR PARSING ZDA MESSAGE FPU_A -> The UTC time represented when the offset is applied must be between year 0 and 10,000.
Parameter name: offset
2025-09-30 10:53:37.0200 | NMEA_FPU_DRIVER.Program.DriverRunner | Info | DEVICE: FPU_B -> Disconnected
2025-09-30 10:53:37.0200 | NMEA_FPU_DRIVER.Program.DriverRunner | Info | DEVICE: FPU_A -> Disconnected
2025-09-30 10:53:37.0200 | Topshelf.Hosts.ConsoleRunHost | Info | Control+C detected, attempting to stop service.
2025-09-30 10:53:37.0361 | Topshelf.Hosts.ConsoleRunHost | Info | The RMS_FPU_DRIVER service has stopped.
2025-09-30 10:56:32.9758 | Topshelf.HostFactory | Info | Configuration Result:
[Success] Name RMS_FPU_DRIVER
[Success] DisplayName RMS FPU DRIVER
[Success] Description App for bridging NMEA FPU data to OPC UA SERVER
[Success] ServiceName RMS_FPU_DRIVER
2025-09-30 10:56:32.9957 | Topshelf.HostConfigurators.HostConfiguratorImpl | Info | Topshelf v4.3.0.0, .NET Framework 4.8.9310.0 (4.0.30319.42000)
2025-09-30 10:56:33.1867 | Topshelf.Hosts.ConsoleRunHost | Info | The RMS_FPU_DRIVER service is now running, press Control+C to exit.
2025-09-30 10:56:33.2093 | NMEA_FPU_DRIVER.Program.DriverRunner | Info | Service starting...
2025-09-30 10:56:33.6123 | OpcUaLib.Client | Info | Opc Client Initialized
2025-09-30 10:56:33.7704 | NMEA_FPU_DRIVER.Program.DriverRunner | Info | Service started!
2025-09-30 10:56:33.7704 | NMEA_FPU_DRIVER.Program.DriverRunner | Info | DEVICE: FPU_B -> Connecting
2025-09-30 10:56:33.7704 | NMEA_FPU_DRIVER.Driver.NmeaUdpDevice | Info | FPU_B: Bound to 0.0.0.0:10111 (hostFilter=127.0.0.1)
2025-09-30 10:56:33.7704 | NMEA_FPU_DRIVER.Program.DriverRunner | Info | DEVICE: FPU_A -> Connecting
2025-09-30 10:56:33.7704 | NMEA_FPU_DRIVER.Driver.NmeaUdpDevice | Info | FPU_A: Bound to 0.0.0.0:10110 (hostFilter=127.0.0.1)
2025-09-30 10:56:33.8129 | OpcUaLib.Client | Info | Attempting to connect to OPC UA server -> opc.tcp://127.0.0.1:49380/
2025-09-30 10:56:33.8977 | OpcUaLib.Client | Info | OPC UA SERVER CONNECTED --> opc.tcp://127.0.0.1:49380/
2025-09-30 10:56:34.0850 | NMEA_FPU_DRIVER.Program.DriverRunner | Info | DEVICE: FPU_A -> Connected
2025-09-30 10:56:34.0850 | NMEA_FPU_DRIVER.Program.DriverRunner | Info | DEVICE: FPU_B -> Connected
2025-09-30 10:56:36.9205 | OpcUaLib.Client | Info | OPC Subscription created with 1 monitored tags.
2025-09-30 10:56:38.8116 | NMEA_FPU_DRIVER.Driver.FpuFactory | Warn | ERROR PARSING ZDA MESSAGE FPU_A -> The UTC time represented when the offset is applied must be between year 0 and 10,000.
Parameter name: offset
2025-09-30 10:56:38.8177 | NMEA_FPU_DRIVER.Driver.FpuFactory | Warn | ERROR PARSING ZDA MESSAGE FPU_A -> The UTC time represented when the offset is applied must be between year 0 and 10,000.
Parameter name: offset
2025-09-30 10:56:39.8219 | NMEA_FPU_DRIVER.Driver.FpuFactory | Warn | ERROR PARSING ZDA MESSAGE FPU_A -> The UTC time represented when the offset is applied must be between year 0 and 10,000.
Parameter name: offset
2025-09-30 10:56:39.8219 | NMEA_FPU_DRIVER.Driver.FpuFactory | Warn | ERROR PARSING ZDA MESSAGE FPU_A -> The UTC time represented when the offset is applied must be between year 0 and 10,000.
Parameter name: offset
2025-09-30 10:56:40.8260 | NMEA_FPU_DRIVER.Driver.FpuFactory | Warn | ERROR PARSING ZDA MESSAGE FPU_A -> The UTC time represented when the offset is applied must be between year 0 and 10,000.
Parameter name: offset
2025-09-30 10:56:40.8260 | NMEA_FPU_DRIVER.Driver.FpuFactory | Warn | ERROR PARSING ZDA MESSAGE FPU_A -> The UTC time represented when the offset is applied must be between year 0 and 10,000.
Parameter name: offset
2025-09-30 10:56:41.8326 | NMEA_FPU_DRIVER.Driver.FpuFactory | Warn | ERROR PARSING ZDA MESSAGE FPU_A -> The UTC time represented when the offset is applied must be between year 0 and 10,000.
Parameter name: offset
2025-09-30 10:56:41.8326 | NMEA_FPU_DRIVER.Driver.FpuFactory | Warn | ERROR PARSING ZDA MESSAGE FPU_A -> The UTC time represented when the offset is applied must be between year 0 and 10,000.
Parameter name: offset
2025-09-30 10:56:42.8476 | NMEA_FPU_DRIVER.Driver.FpuFactory | Warn | ERROR PARSING ZDA MESSAGE FPU_A -> The UTC time represented when the offset is applied must be between year 0 and 10,000.
Parameter name: offset
2025-09-30 10:56:42.8476 | NMEA_FPU_DRIVER.Driver.FpuFactory | Warn | ERROR PARSING ZDA MESSAGE FPU_A -> The UTC time represented when the offset is applied must be between year 0 and 10,000.
Parameter name: offset
2025-09-30 10:56:43.8536 | NMEA_FPU_DRIVER.Driver.FpuFactory | Warn | ERROR PARSING ZDA MESSAGE FPU_A -> The UTC time represented when the offset is applied must be between year 0 and 10,000.
Parameter name: offset
2025-09-30 10:56:43.8536 | NMEA_FPU_DRIVER.Driver.FpuFactory | Warn | ERROR PARSING ZDA MESSAGE FPU_A -> The UTC time represented when the offset is applied must be between year 0 and 10,000.
Parameter name: offset
2025-09-30 10:56:44.8682 | NMEA_FPU_DRIVER.Driver.FpuFactory | Warn | ERROR PARSING ZDA MESSAGE FPU_A -> The UTC time represented when the offset is applied must be between year 0 and 10,000.
Parameter name: offset
2025-09-30 10:56:44.8682 | NMEA_FPU_DRIVER.Driver.FpuFactory | Warn | ERROR PARSING ZDA MESSAGE FPU_A -> The UTC time represented when the offset is applied must be between year 0 and 10,000.
Parameter name: offset
2025-09-30 10:56:45.8767 | NMEA_FPU_DRIVER.Driver.FpuFactory | Warn | ERROR PARSING ZDA MESSAGE FPU_A -> The UTC time represented when the offset is applied must be between year 0 and 10,000.
Parameter name: offset
2025-09-30 10:56:45.8868 | NMEA_FPU_DRIVER.Driver.FpuFactory | Warn | ERROR PARSING ZDA MESSAGE FPU_A -> The UTC time represented when the offset is applied must be between year 0 and 10,000.
Parameter name: offset
2025-09-30 10:56:46.8898 | NMEA_FPU_DRIVER.Driver.FpuFactory | Warn | ERROR PARSING ZDA MESSAGE FPU_A -> The UTC time represented when the offset is applied must be between year 0 and 10,000.
Parameter name: offset
2025-09-30 10:56:46.8968 | NMEA_FPU_DRIVER.Driver.FpuFactory | Warn | ERROR PARSING ZDA MESSAGE FPU_A -> The UTC time represented when the offset is applied must be between year 0 and 10,000.
Parameter name: offset
2025-09-30 10:56:47.9048 | NMEA_FPU_DRIVER.Driver.FpuFactory | Warn | ERROR PARSING ZDA MESSAGE FPU_A -> The UTC time represented when the offset is applied must be between year 0 and 10,000.
Parameter name: offset
2025-09-30 10:56:47.9103 | NMEA_FPU_DRIVER.Driver.FpuFactory | Warn | ERROR PARSING ZDA MESSAGE FPU_A -> The UTC time represented when the offset is applied must be between year 0 and 10,000.
Parameter name: offset
2025-09-30 10:56:48.9084 | NMEA_FPU_DRIVER.Driver.FpuFactory | Warn | ERROR PARSING ZDA MESSAGE FPU_A -> The UTC time represented when the offset is applied must be between year 0 and 10,000.
Parameter name: offset
2025-09-30 10:56:48.9160 | NMEA_FPU_DRIVER.Driver.FpuFactory | Warn | ERROR PARSING ZDA MESSAGE FPU_A -> The UTC time represented when the offset is applied must be between year 0 and 10,000.
Parameter name: offset
2025-09-30 10:56:49.9228 | NMEA_FPU_DRIVER.Driver.FpuFactory | Warn | ERROR PARSING ZDA MESSAGE FPU_B -> The UTC time represented when the offset is applied must be between year 0 and 10,000.
Parameter name: offset
2025-09-30 10:56:49.9279 | NMEA_FPU_DRIVER.Driver.FpuFactory | Warn | ERROR PARSING ZDA MESSAGE FPU_B -> The UTC time represented when the offset is applied must be between year 0 and 10,000.
Parameter name: offset
2025-09-30 10:56:50.9225 | NMEA_FPU_DRIVER.Driver.FpuFactory | Warn | ERROR PARSING ZDA MESSAGE FPU_B -> The UTC time represented when the offset is applied must be between year 0 and 10,000.
Parameter name: offset
2025-09-30 10:56:50.9285 | NMEA_FPU_DRIVER.Driver.FpuFactory | Warn | ERROR PARSING ZDA MESSAGE FPU_B -> The UTC time represented when the offset is applied must be between year 0 and 10,000.
Parameter name: offset
2025-09-30 10:56:51.9353 | NMEA_FPU_DRIVER.Driver.FpuFactory | Warn | ERROR PARSING ZDA MESSAGE FPU_B -> The UTC time represented when the offset is applied must be between year 0 and 10,000.
Parameter name: offset
2025-09-30 10:56:51.9353 | NMEA_FPU_DRIVER.Driver.FpuFactory | Warn | ERROR PARSING ZDA MESSAGE FPU_B -> The UTC time represented when the offset is applied must be between year 0 and 10,000.
Parameter name: offset
2025-09-30 10:56:52.9512 | NMEA_FPU_DRIVER.Driver.FpuFactory | Warn | ERROR PARSING ZDA MESSAGE FPU_B -> The UTC time represented when the offset is applied must be between year 0 and 10,000.
Parameter name: offset
2025-09-30 10:56:52.9512 | NMEA_FPU_DRIVER.Driver.FpuFactory | Warn | ERROR PARSING ZDA MESSAGE FPU_B -> The UTC time represented when the offset is applied must be between year 0 and 10,000.
Parameter name: offset
2025-09-30 10:57:16.7243 | Topshelf.HostFactory | Info | Configuration Result:
[Success] Name RMS_FPU_DRIVER
[Success] DisplayName RMS FPU DRIVER
[Success] Description App for bridging NMEA FPU data to OPC UA SERVER
[Success] ServiceName RMS_FPU_DRIVER
2025-09-30 10:57:16.7432 | Topshelf.HostConfigurators.HostConfiguratorImpl | Info | Topshelf v4.3.0.0, .NET Framework 4.8.9310.0 (4.0.30319.42000)
2025-09-30 10:57:16.9284 | Topshelf.Hosts.ConsoleRunHost | Info | The RMS_FPU_DRIVER service is now running, press Control+C to exit.
2025-09-30 10:57:16.9454 | NMEA_FPU_DRIVER.Program.DriverRunner | Info | Service starting...
2025-09-30 10:57:17.3504 | OpcUaLib.Client | Info | Opc Client Initialized
2025-09-30 10:57:17.5110 | NMEA_FPU_DRIVER.Program.DriverRunner | Info | Service started!
2025-09-30 10:57:17.5110 | NMEA_FPU_DRIVER.Program.DriverRunner | Info | DEVICE: FPU_B -> Connecting
2025-09-30 10:57:17.5110 | NMEA_FPU_DRIVER.Driver.NmeaUdpDevice | Info | FPU_B: Bound to 0.0.0.0:10111 (hostFilter=127.0.0.1)
2025-09-30 10:57:17.5110 | NMEA_FPU_DRIVER.Program.DriverRunner | Info | DEVICE: FPU_A -> Connecting
2025-09-30 10:57:17.5110 | NMEA_FPU_DRIVER.Driver.NmeaUdpDevice | Info | FPU_A: Bound to 0.0.0.0:10110 (hostFilter=127.0.0.1)
2025-09-30 10:57:17.5510 | OpcUaLib.Client | Info | Attempting to connect to OPC UA server -> opc.tcp://127.0.0.1:49380/
2025-09-30 10:57:17.6313 | OpcUaLib.Client | Info | OPC UA SERVER CONNECTED --> opc.tcp://127.0.0.1:49380/
2025-09-30 10:57:18.0845 | NMEA_FPU_DRIVER.Program.DriverRunner | Info | DEVICE: FPU_A -> Connected
2025-09-30 10:57:18.0845 | NMEA_FPU_DRIVER.Program.DriverRunner | Info | DEVICE: FPU_B -> Connected
2025-09-30 10:57:20.6557 | OpcUaLib.Client | Info | OPC Subscription created with 1 monitored tags.
2025-09-30 10:57:22.5503 | NMEA_FPU_DRIVER.Driver.FpuFactory | Warn | ERROR PARSING ZDA MESSAGE FPU_B -> The UTC time represented when the offset is applied must be between year 0 and 10,000.
Parameter name: offset
2025-09-30 10:57:22.5919 | NMEA_FPU_DRIVER.Driver.FpuFactory | Warn | ERROR PARSING ZDA MESSAGE FPU_B -> The UTC time represented when the offset is applied must be between year 0 and 10,000.
Parameter name: offset
2025-09-30 10:57:23.5566 | NMEA_FPU_DRIVER.Driver.FpuFactory | Warn | ERROR PARSING ZDA MESSAGE FPU_B -> The UTC time represented when the offset is applied must be between year 0 and 10,000.
Parameter name: offset
2025-09-30 10:57:23.5566 | NMEA_FPU_DRIVER.Driver.FpuFactory | Warn | ERROR PARSING ZDA MESSAGE FPU_B -> The UTC time represented when the offset is applied must be between year 0 and 10,000.
Parameter name: offset
2025-09-30 10:57:24.5599 | NMEA_FPU_DRIVER.Driver.FpuFactory | Warn | ERROR PARSING ZDA MESSAGE FPU_B -> The UTC time represented when the offset is applied must be between year 0 and 10,000.
Parameter name: offset
2025-09-30 10:57:24.5675 | NMEA_FPU_DRIVER.Driver.FpuFactory | Warn | ERROR PARSING ZDA MESSAGE FPU_B -> The UTC time represented when the offset is applied must be between year 0 and 10,000.
Parameter name: offset
2025-09-30 10:57:37.7709 | Topshelf.HostFactory | Info | Configuration Result:
[Success] Name RMS_FPU_DRIVER
[Success] DisplayName RMS FPU DRIVER
[Success] Description App for bridging NMEA FPU data to OPC UA SERVER
[Success] ServiceName RMS_FPU_DRIVER
2025-09-30 10:57:37.7908 | Topshelf.HostConfigurators.HostConfiguratorImpl | Info | Topshelf v4.3.0.0, .NET Framework 4.8.9310.0 (4.0.30319.42000)
2025-09-30 10:57:37.9825 | Topshelf.Hosts.ConsoleRunHost | Info | The RMS_FPU_DRIVER service is now running, press Control+C to exit.
2025-09-30 10:57:38.0062 | NMEA_FPU_DRIVER.Program.DriverRunner | Info | Service starting...
2025-09-30 10:57:38.3935 | OpcUaLib.Client | Info | Opc Client Initialized
2025-09-30 10:57:38.5490 | NMEA_FPU_DRIVER.Program.DriverRunner | Info | Service started!
2025-09-30 10:57:38.5529 | NMEA_FPU_DRIVER.Program.DriverRunner | Info | DEVICE: FPU_B -> Connecting
2025-09-30 10:57:38.5529 | NMEA_FPU_DRIVER.Driver.NmeaUdpDevice | Info | FPU_B: Bound to 0.0.0.0:10111 (hostFilter=127.0.0.1)
2025-09-30 10:57:38.5529 | NMEA_FPU_DRIVER.Program.DriverRunner | Info | DEVICE: FPU_A -> Connecting
2025-09-30 10:57:38.5529 | NMEA_FPU_DRIVER.Driver.NmeaUdpDevice | Info | FPU_A: Bound to 0.0.0.0:10110 (hostFilter=127.0.0.1)
2025-09-30 10:57:38.5908 | OpcUaLib.Client | Info | Attempting to connect to OPC UA server -> opc.tcp://127.0.0.1:49380/
2025-09-30 10:57:38.6672 | OpcUaLib.Client | Info | OPC UA SERVER CONNECTED --> opc.tcp://127.0.0.1:49380/
2025-09-30 10:57:39.0861 | NMEA_FPU_DRIVER.Program.DriverRunner | Info | DEVICE: FPU_A -> Connected
2025-09-30 10:57:39.0861 | NMEA_FPU_DRIVER.Program.DriverRunner | Info | DEVICE: FPU_B -> Connected
2025-09-30 10:57:41.6995 | OpcUaLib.Client | Info | OPC Subscription created with 1 monitored tags.
2025-09-30 10:58:30.6140 | Topshelf.HostFactory | Info | Configuration Result:
[Success] Name RMS_FPU_DRIVER
[Success] DisplayName RMS FPU DRIVER
[Success] Description App for bridging NMEA FPU data to OPC UA SERVER
[Success] ServiceName RMS_FPU_DRIVER
2025-09-30 10:58:30.6325 | Topshelf.HostConfigurators.HostConfiguratorImpl | Info | Topshelf v4.3.0.0, .NET Framework 4.8.9310.0 (4.0.30319.42000)
2025-09-30 10:58:30.8191 | Topshelf.Hosts.ConsoleRunHost | Info | The RMS_FPU_DRIVER service is now running, press Control+C to exit.
2025-09-30 10:58:30.8361 | NMEA_FPU_DRIVER.Program.DriverRunner | Info | Service starting...
2025-09-30 10:58:31.2300 | OpcUaLib.Client | Info | Opc Client Initialized
2025-09-30 10:58:31.3912 | NMEA_FPU_DRIVER.Program.DriverRunner | Info | Service started!
2025-09-30 10:58:31.3912 | NMEA_FPU_DRIVER.Program.DriverRunner | Info | DEVICE: FPU_B -> Connecting
2025-09-30 10:58:31.3952 | NMEA_FPU_DRIVER.Program.DriverRunner | Info | DEVICE: FPU_A -> Connecting
2025-09-30 10:58:31.3952 | NMEA_FPU_DRIVER.Driver.NmeaUdpDevice | Info | FPU_B: Bound to 0.0.0.0:10111 (hostFilter=127.0.0.1)
2025-09-30 10:58:31.3952 | NMEA_FPU_DRIVER.Driver.NmeaUdpDevice | Info | FPU_A: Bound to 0.0.0.0:10110 (hostFilter=127.0.0.1)
2025-09-30 10:58:31.4310 | OpcUaLib.Client | Info | Attempting to connect to OPC UA server -> opc.tcp://127.0.0.1:49380/
2025-09-30 10:58:31.5085 | OpcUaLib.Client | Info | OPC UA SERVER CONNECTED --> opc.tcp://127.0.0.1:49380/
2025-09-30 10:58:32.0813 | NMEA_FPU_DRIVER.Program.DriverRunner | Info | DEVICE: FPU_B -> Connected
2025-09-30 10:58:32.0813 | NMEA_FPU_DRIVER.Program.DriverRunner | Info | DEVICE: FPU_A -> Connected
2025-09-30 10:58:34.5347 | OpcUaLib.Client | Info | OPC Subscription created with 1 monitored tags.
2025-09-30 10:59:03.0883 | Topshelf.HostFactory | Info | Configuration Result:
[Success] Name RMS_FPU_DRIVER
[Success] DisplayName RMS FPU DRIVER
[Success] Description App for bridging NMEA FPU data to OPC UA SERVER
[Success] ServiceName RMS_FPU_DRIVER
2025-09-30 10:59:03.1099 | Topshelf.HostConfigurators.HostConfiguratorImpl | Info | Topshelf v4.3.0.0, .NET Framework 4.8.9310.0 (4.0.30319.42000)
2025-09-30 10:59:03.2914 | Topshelf.Hosts.ConsoleRunHost | Info | The RMS_FPU_DRIVER service is now running, press Control+C to exit.
2025-09-30 10:59:03.3094 | NMEA_FPU_DRIVER.Program.DriverRunner | Info | Service starting...
2025-09-30 10:59:03.7080 | OpcUaLib.Client | Info | Opc Client Initialized
2025-09-30 10:59:03.8760 | NMEA_FPU_DRIVER.Program.DriverRunner | Info | Service started!
2025-09-30 10:59:03.8810 | NMEA_FPU_DRIVER.Program.DriverRunner | Info | DEVICE: FPU_B -> Connecting
2025-09-30 10:59:03.8810 | NMEA_FPU_DRIVER.Driver.NmeaUdpDevice | Info | FPU_B: Bound to 0.0.0.0:10111 (hostFilter=127.0.0.1)
2025-09-30 10:59:03.8810 | NMEA_FPU_DRIVER.Program.DriverRunner | Info | DEVICE: FPU_A -> Connecting
2025-09-30 10:59:03.8810 | NMEA_FPU_DRIVER.Driver.NmeaUdpDevice | Info | FPU_A: Bound to 0.0.0.0:10110 (hostFilter=127.0.0.1)
2025-09-30 10:59:03.9090 | OpcUaLib.Client | Info | Attempting to connect to OPC UA server -> opc.tcp://127.0.0.1:49380/
2025-09-30 10:59:03.9903 | OpcUaLib.Client | Info | OPC UA SERVER CONNECTED --> opc.tcp://127.0.0.1:49380/
2025-09-30 10:59:04.0841 | NMEA_FPU_DRIVER.Program.DriverRunner | Info | DEVICE: FPU_A -> Connected
2025-09-30 10:59:04.0841 | NMEA_FPU_DRIVER.Program.DriverRunner | Info | DEVICE: FPU_B -> Connected
2025-09-30 10:59:07.0154 | OpcUaLib.Client | Info | OPC Subscription created with 1 monitored tags.
2025-09-30 11:06:04.4474 | Topshelf.HostFactory | Info | Configuration Result:
[Success] Name RMS_FPU_DRIVER
[Success] DisplayName RMS FPU DRIVER
[Success] Description App for bridging NMEA FPU data to OPC UA SERVER
[Success] ServiceName RMS_FPU_DRIVER
2025-09-30 11:06:04.4714 | Topshelf.HostConfigurators.HostConfiguratorImpl | Info | Topshelf v4.3.0.0, .NET Framework 4.8.9310.0 (4.0.30319.42000)
2025-09-30 11:06:04.6585 | Topshelf.Hosts.ConsoleRunHost | Info | The RMS_FPU_DRIVER service is now running, press Control+C to exit.
2025-09-30 11:06:04.6805 | NMEA_FPU_DRIVER.Program.DriverRunner | Info | Service starting...
2025-09-30 11:06:05.0746 | OpcUaLib.Client | Info | Opc Client Initialized
2025-09-30 11:06:05.2337 | NMEA_FPU_DRIVER.Program.DriverRunner | Info | Service started!
2025-09-30 11:06:05.2337 | NMEA_FPU_DRIVER.Program.DriverRunner | Info | DEVICE: FPU_B -> Connecting
2025-09-30 11:06:05.2387 | NMEA_FPU_DRIVER.Driver.NmeaUdpDevice | Info | FPU_B: Bound to 0.0.0.0:10111 (hostFilter=127.0.0.1)
2025-09-30 11:06:05.2387 | NMEA_FPU_DRIVER.Program.DriverRunner | Info | DEVICE: FPU_A -> Connecting
2025-09-30 11:06:05.2387 | NMEA_FPU_DRIVER.Driver.NmeaUdpDevice | Info | FPU_A: Bound to 0.0.0.0:10110 (hostFilter=127.0.0.1)
2025-09-30 11:06:05.2387 | NMEA_FPU_DRIVER.Program.DriverRunner | Info | DEVICE: FPU_A -> Connected
2025-09-30 11:06:05.2387 | NMEA_FPU_DRIVER.Program.DriverRunner | Info | DEVICE: FPU_B -> Connected
2025-09-30 11:06:05.2752 | OpcUaLib.Client | Info | Attempting to connect to OPC UA server -> opc.tcp://127.0.0.1:49380/
2025-09-30 11:06:05.3588 | OpcUaLib.Client | Info | OPC UA SERVER CONNECTED --> opc.tcp://127.0.0.1:49380/
2025-09-30 11:06:08.3951 | OpcUaLib.Client | Info | OPC Subscription created with 1 monitored tags.
2025-09-30 11:12:37.0583 | Topshelf.HostFactory | Info | Configuration Result:
[Success] Name RMS_FPU_DRIVER
[Success] DisplayName RMS FPU DRIVER
[Success] Description App for bridging NMEA FPU data to OPC UA SERVER
[Success] ServiceName RMS_FPU_DRIVER
2025-09-30 11:12:37.0789 | Topshelf.HostConfigurators.HostConfiguratorImpl | Info | Topshelf v4.3.0.0, .NET Framework 4.8.9310.0 (4.0.30319.42000)
2025-09-30 11:12:37.2651 | Topshelf.Hosts.ConsoleRunHost | Info | The RMS_FPU_DRIVER service is now running, press Control+C to exit.
2025-09-30 11:12:37.2881 | NMEA_FPU_DRIVER.Program.DriverRunner | Info | Service starting...
2025-09-30 11:12:37.6768 | OpcUaLib.Client | Info | Opc Client Initialized
2025-09-30 11:12:37.8364 | NMEA_FPU_DRIVER.Program.DriverRunner | Info | Service started!
2025-09-30 11:12:37.8364 | NMEA_FPU_DRIVER.Program.DriverRunner | Info | DEVICE: FPU_B -> Connecting
2025-09-30 11:12:37.8364 | NMEA_FPU_DRIVER.Program.DriverRunner | Info | DEVICE: FPU_A -> Connecting
2025-09-30 11:12:37.8364 | NMEA_FPU_DRIVER.Driver.NmeaUdpDevice | Info | FPU_B: Bound to 0.0.0.0:10111 (hostFilter=127.0.0.1)
2025-09-30 11:12:37.8364 | NMEA_FPU_DRIVER.Driver.NmeaUdpDevice | Info | FPU_A: Bound to 0.0.0.0:10110 (hostFilter=127.0.0.1)
2025-09-30 11:12:37.8764 | OpcUaLib.Client | Info | Attempting to connect to OPC UA server -> opc.tcp://127.0.0.1:49380/
2025-09-30 11:12:37.9547 | OpcUaLib.Client | Info | OPC UA SERVER CONNECTED --> opc.tcp://127.0.0.1:49380/
2025-09-30 11:12:38.0828 | NMEA_FPU_DRIVER.Program.DriverRunner | Info | DEVICE: FPU_B -> Connected
2025-09-30 11:12:38.0828 | NMEA_FPU_DRIVER.Program.DriverRunner | Info | DEVICE: FPU_A -> Connected
2025-09-30 11:22:37.0532 | Topshelf.HostFactory | Info | Configuration Result:
[Success] Name RMS_FPU_DRIVER
[Success] DisplayName RMS FPU DRIVER
[Success] Description App for bridging NMEA FPU data to OPC UA SERVER
[Success] ServiceName RMS_FPU_DRIVER
2025-09-30 11:22:37.0722 | Topshelf.HostConfigurators.HostConfiguratorImpl | Info | Topshelf v4.3.0.0, .NET Framework 4.8.9310.0 (4.0.30319.42000)
2025-09-30 11:22:37.2644 | Topshelf.Hosts.ConsoleRunHost | Info | The RMS_FPU_DRIVER service is now running, press Control+C to exit.
2025-09-30 11:22:37.2864 | NMEA_FPU_DRIVER.Program.DriverRunner | Info | Service starting...
2025-09-30 11:22:37.6907 | OpcUaLib.Client | Info | Opc Client Initialized
2025-09-30 11:52:27.9793 | Topshelf.HostFactory | Info | Configuration Result:
[Success] Name RMS_FPU_DRIVER
[Success] DisplayName RMS FPU DRIVER
[Success] Description App for bridging NMEA FPU data to OPC UA SERVER
[Success] ServiceName RMS_FPU_DRIVER
2025-09-30 11:52:28.0060 | Topshelf.HostConfigurators.HostConfiguratorImpl | Info | Topshelf v4.3.0.0, .NET Framework 4.8.9310.0 (4.0.30319.42000)
2025-09-30 11:52:28.1955 | Topshelf.Hosts.ConsoleRunHost | Info | The RMS_FPU_DRIVER service is now running, press Control+C to exit.
2025-09-30 11:52:28.2095 | NMEA_FPU_DRIVER.Program.DriverRunner | Info | Service starting...
2025-09-30 11:52:28.6250 | OpcUaLib.Client | Info | Opc Client Initialized
2025-09-30 11:52:28.7866 | NMEA_FPU_DRIVER.Program.DriverRunner | Info | Service started!
2025-09-30 11:52:28.7866 | NMEA_FPU_DRIVER.Program.DriverRunner | Info | DEVICE: FPU_B -> Connecting
2025-09-30 11:52:28.7866 | NMEA_FPU_DRIVER.Driver.NmeaUdpDevice | Info | FPU_B: Bound to 0.0.0.0:10111 (hostFilter=127.0.0.1)
2025-09-30 11:52:28.7866 | NMEA_FPU_DRIVER.Program.DriverRunner | Info | DEVICE: FPU_A -> Connecting
2025-09-30 11:52:28.7866 | NMEA_FPU_DRIVER.Driver.NmeaUdpDevice | Info | FPU_A: Bound to 0.0.0.0:10110 (hostFilter=127.0.0.1)
2025-09-30 11:52:28.8176 | OpcUaLib.Client | Info | Attempting to connect to OPC UA server -> opc.tcp://127.0.0.1:49380/
2025-09-30 11:52:28.9176 | OpcUaLib.Client | Info | OPC UA SERVER CONNECTED --> opc.tcp://127.0.0.1:49380/
2025-09-30 11:52:29.0854 | NMEA_FPU_DRIVER.Program.DriverRunner | Info | DEVICE: FPU_A -> Connected
2025-09-30 11:52:29.0854 | NMEA_FPU_DRIVER.Program.DriverRunner | Info | DEVICE: FPU_B -> Connected
2025-09-30 11:52:31.9418 | OpcUaLib.Client | Info | OPC Subscription created with 1 monitored tags.
2025-09-30 12:35:33.5724 | Topshelf.HostFactory | Info | Configuration Result:
[Success] Name RMS_FPU_DRIVER
[Success] DisplayName RMS FPU DRIVER
[Success] Description App for bridging NMEA FPU data to OPC UA SERVER
[Success] ServiceName RMS_FPU_DRIVER
2025-09-30 12:35:33.5934 | Topshelf.HostConfigurators.HostConfiguratorImpl | Info | Topshelf v4.3.0.0, .NET Framework 4.8.9310.0 (4.0.30319.42000)
2025-09-30 12:35:33.7935 | Topshelf.Hosts.ConsoleRunHost | Info | The RMS_FPU_DRIVER service is now running, press Control+C to exit.
2025-09-30 12:35:33.8085 | NMEA_FPU_DRIVER.Program.DriverRunner | Info | Service starting...
2025-09-30 12:35:34.2443 | OpcUaLib.Client | Info | Opc Client Initialized
2025-09-30 12:35:34.4185 | NMEA_FPU_DRIVER.Program.DriverRunner | Info | Service started!
2025-09-30 12:35:34.4185 | NMEA_FPU_DRIVER.Program.DriverRunner | Info | DEVICE: FPU_B -> Connecting
2025-09-30 12:35:34.4185 | NMEA_FPU_DRIVER.Driver.NmeaUdpDevice | Info | FPU_B: Bound to 0.0.0.0:10111 (hostFilter=127.0.0.1)
2025-09-30 12:35:34.4185 | NMEA_FPU_DRIVER.Program.DriverRunner | Info | DEVICE: FPU_A -> Connecting
2025-09-30 12:35:34.4185 | NMEA_FPU_DRIVER.Driver.NmeaUdpDevice | Info | FPU_A: Bound to 0.0.0.0:10110 (hostFilter=127.0.0.1)
2025-09-30 12:35:34.4265 | NMEA_FPU_DRIVER.Program.DriverRunner | Info | DEVICE: FPU_B -> Disconnected
2025-09-30 12:35:34.4265 | NMEA_FPU_DRIVER.Program.DriverRunner | Info | DEVICE: FPU_A -> Disconnected
2025-09-30 12:35:34.4185 | Topshelf.Hosts.ConsoleRunHost | Info | Control+C detected, attempting to stop service.
2025-09-30 12:35:34.4613 | OpcUaLib.Client | Info | Attempting to connect to OPC UA server -> opc.tcp://127.0.0.1:49380/
2025-09-30 12:35:34.5476 | OpcUaLib.Client | Info | OPC UA SERVER CONNECTED --> opc.tcp://127.0.0.1:49380/
2025-09-30 12:35:37.5747 | OpcUaLib.Client | Info | OPC Subscription created with 1 monitored tags.
